# JRE version: OpenJDK Runtime Environment Temurin-21.0.10+7 (21.0.10+7) (build 21.0.10+7-LTS)
# Java VM: OpenJDK 64-Bit Server VM Temurin-21.0.10+7 (21.0.10+7-LTS, mixed mode, sharing, tiered, compressed oops, compressed class ptrs, parallel gc, windows-amd64)
GC Precious Log:
 CardTable entry size: 512
 CPUs: 12 total, 12 available
 Memory: 7583M
 Large Page Support: Disabled
 NUMA Support: Disabled
 Compressed Oops: Enabled (32-bit)
 Alignments: Space 512K, Generation 512K, Heap 2M
 Heap Min Capacity: 100M
 Heap Initial Capacity: 100M
 Heap Max Capacity: 2G
 Pre-touch: Disabled
 Parallel Workers: 10
Heap:
 PSYoungGen      total 4608K, used 1511K [0x00000000d5580000, 0x00000000d5e00000, 0x0000000100000000)
  eden space 3584K, 13% used [0x00000000d5580000,0x00000000d55f9c88,0x00000000d5900000)
  from space 1024K, 100% used [0x00000000d5b00000,0x00000000d5c00000,0x00000000d5c00000)
  to   space 2048K, 0% used [0x00000000d5900000,0x00000000d5900000,0x00000000d5b00000)
 ParOldGen       total 723456K, used 327337K [0x0000000080000000, 0x00000000ac280000, 0x00000000d5580000)
  object space 723456K, 45% used [0x0000000080000000,0x0000000093faa5f8,0x00000000ac280000)
 Metaspace       used 59047K, committed 60288K, reserved 1114112K
  class space    used 6381K, committed 6912K, reserved 1048576K
GC Heap History (20 events):
Event: 54.995 GC heap before
{Heap before GC invocations=573 (full 2):
 PSYoungGen      total 4608K, used 4532K [0x00000000d5580000, 0x00000000d5b80000, 0x0000000100000000)
  eden space 3072K, 100% used [0x00000000d5580000,0x00000000d5880000,0x00000000d5880000)
  from space 1536K, 95% used [0x00000000d5a00000,0x00000000d5b6d100,0x00000000d5b80000)
  to   space 1536K, 0% used [0x00000000d5880000,0x00000000d5880000,0x00000000d5a00000)
 ParOldGen       total 719360K, used 719359K [0x0000000080000000, 0x00000000abe80000, 0x00000000d5580000)
  object space 719360K, 99% used [0x0000000080000000,0x00000000abe7fcc0,0x00000000abe80000)
 Metaspace       used 57712K, committed 58944K, reserved 1114112K
  class space    used 6257K, committed 6784K, reserved 1048576K
}
Event: 54.998 GC heap after
{Heap after GC invocations=573 (full 2):
 PSYoungGen      total 4608K, used 1013K [0x00000000d5580000, 0x00000000d5c80000, 0x0000000100000000)
  eden space 3072K, 0% used [0x00000000d5580000,0x00000000d5580000,0x00000000d5880000)
  from space 1536K, 65% used [0x00000000d5880000,0x00000000d597d700,0x00000000d5a00000)
  to   space 1536K, 0% used [0x00000000d5b00000,0x00000000d5b00000,0x00000000d5c80000)
 ParOldGen       total 719872K, used 719519K [0x0000000080000000, 0x00000000abf00000, 0x00000000d5580000)
  object space 719872K, 99% used [0x0000000080000000,0x00000000abea7cc0,0x00000000abf00000)
 Metaspace       used 57712K, committed 58944K, reserved 1114112K
  class space    used 6257K, committed 6784K, reserved 1048576K
}
Event: 55.028 GC heap before
{Heap before GC invocations=574 (full 2):
 PSYoungGen      total 4608K, used 4085K [0x00000000d5580000, 0x00000000d5c80000, 0x0000000100000000)
  eden space 3072K, 100% used [0x00000000d5580000,0x00000000d5880000,0x00000000d5880000)
  from space 1536K, 65% used [0x00000000d5880000,0x00000000d597d700,0x00000000d5a00000)
  to   space 1536K, 0% used [0x00000000d5b00000,0x00000000d5b00000,0x00000000d5c80000)
 ParOldGen       total 719872K, used 719519K [0x0000000080000000, 0x00000000abf00000, 0x00000000d5580000)
  object space 719872K, 99% used [0x0000000080000000,0x00000000abea7cc0,0x00000000abf00000)
 Metaspace       used 57712K, committed 58944K, reserved 1114112K
  class space    used 6257K, committed 6784K, reserved 1048576K
}
Event: 55.031 GC heap after
{Heap after GC invocations=574 (full 2):
 PSYoungGen      total 4096K, used 621K [0x00000000d5580000, 0x00000000d5c00000, 0x0000000100000000)
  eden space 3072K, 0% used [0x00000000d5580000,0x00000000d5580000,0x00000000d5880000)
  from space 1024K, 60% used [0x00000000d5b00000,0x00000000d5b9b640,0x00000000d5c00000)
  to   space 1024K, 0% used [0x00000000d5a00000,0x00000000d5a00000,0x00000000d5b00000)
 ParOldGen       total 719872K, used 719527K [0x0000000080000000, 0x00000000abf00000, 0x00000000d5580000)
  object space 719872K, 99% used [0x0000000080000000,0x00000000abea9cc0,0x00000000abf00000)
 Metaspace       used 57712K, committed 58944K, reserved 1114112K
  class space    used 6257K, committed 6784K, reserved 1048576K
}
Event: 55.043 GC heap before
{Heap before GC invocations=575 (full 2):
 PSYoungGen      total 4096K, used 3693K [0x00000000d5580000, 0x00000000d5c00000, 0x0000000100000000)
  eden space 3072K, 100% used [0x00000000d5580000,0x00000000d5880000,0x00000000d5880000)
  from space 1024K, 60% used [0x00000000d5b00000,0x00000000d5b9b640,0x00000000d5c00000)
  to   space 1024K, 0% used [0x00000000d5a00000,0x00000000d5a00000,0x00000000d5b00000)
 ParOldGen       total 719872K, used 719527K [0x0000000080000000, 0x00000000abf00000, 0x00000000d5580000)
  object space 719872K, 99% used [0x0000000080000000,0x00000000abea9cc0,0x00000000abf00000)
 Metaspace       used 57714K, committed 58944K, reserved 1114112K
  class space    used 6257K, committed 6784K, reserved 1048576K
}
Event: 55.046 GC heap after
{Heap after GC invocations=575 (full 2):
 PSYoungGen      total 4096K, used 996K [0x00000000d5580000, 0x00000000d5b80000, 0x0000000100000000)
  eden space 3072K, 0% used [0x00000000d5580000,0x00000000d5580000,0x00000000d5880000)
  from space 1024K, 97% used [0x00000000d5a00000,0x00000000d5af9008,0x00000000d5b00000)
  to   space 512K, 0% used [0x00000000d5b00000,0x00000000d5b00000,0x00000000d5b80000)
 ParOldGen       total 720384K, used 719919K [0x0000000080000000, 0x00000000abf80000, 0x00000000d5580000)
  object space 720384K, 99% used [0x0000000080000000,0x00000000abf0bcc0,0x00000000abf80000)
 Metaspace       used 57714K, committed 58944K, reserved 1114112K
  class space    used 6257K, committed 6784K, reserved 1048576K
}
Event: 55.056 GC heap before
{Heap before GC invocations=576 (full 2):
 PSYoungGen      total 4096K, used 4068K [0x00000000d5580000, 0x00000000d5b80000, 0x0000000100000000)
  eden space 3072K, 100% used [0x00000000d5580000,0x00000000d5880000,0x00000000d5880000)
  from space 1024K, 97% used [0x00000000d5a00000,0x00000000d5af9008,0x00000000d5b00000)
  to   space 512K, 0% used [0x00000000d5b00000,0x00000000d5b00000,0x00000000d5b80000)
 ParOldGen       total 720384K, used 719919K [0x0000000080000000, 0x00000000abf80000, 0x00000000d5580000)
  object space 720384K, 99% used [0x0000000080000000,0x00000000abf0bcc0,0x00000000abf80000)
 Metaspace       used 57714K, committed 58944K, reserved 1114112K
  class space    used 6257K, committed 6784K, reserved 1048576K
}
Event: 55.059 GC heap after
{Heap after GC invocations=576 (full 2):
 PSYoungGen      total 4608K, used 500K [0x00000000d5580000, 0x00000000d5c80000, 0x0000000100000000)
  eden space 4096K, 0% used [0x00000000d5580000,0x00000000d5580000,0x00000000d5980000)
  from space 512K, 97% used [0x00000000d5b00000,0x00000000d5b7d2d0,0x00000000d5b80000)
  to   space 1536K, 0% used [0x00000000d5980000,0x00000000d5980000,0x00000000d5b00000)
 ParOldGen       total 720896K, used 720579K [0x0000000080000000, 0x00000000ac000000, 0x00000000d5580000)
  object space 720896K, 99% used [0x0000000080000000,0x00000000abfb0d40,0x00000000ac000000)
 Metaspace       used 57714K, committed 58944K, reserved 1114112K
  class space    used 6257K, committed 6784K, reserved 1048576K
}
Event: 55.068 GC heap before
{Heap before GC invocations=577 (full 2):
 PSYoungGen      total 4608K, used 4596K [0x00000000d5580000, 0x00000000d5c80000, 0x0000000100000000)
  eden space 4096K, 100% used [0x00000000d5580000,0x00000000d5980000,0x00000000d5980000)
  from space 512K, 97% used [0x00000000d5b00000,0x00000000d5b7d2d0,0x00000000d5b80000)
  to   space 1536K, 0% used [0x00000000d5980000,0x00000000d5980000,0x00000000d5b00000)
 ParOldGen       total 720896K, used 720579K [0x0000000080000000, 0x00000000ac000000, 0x00000000d5580000)
  object space 720896K, 99% used [0x0000000080000000,0x00000000abfb0d40,0x00000000ac000000)
 Metaspace       used 57714K, committed 58944K, reserved 1114112K
  class space    used 6257K, committed 6784K, reserved 1048576K
}
Event: 55.071 GC heap after
{Heap after GC invocations=577 (full 2):
 PSYoungGen      total 5632K, used 1270K [0x00000000d5580000, 0x00000000d5d80000, 0x0000000100000000)
  eden space 4096K, 0% used [0x00000000d5580000,0x00000000d5580000,0x00000000d5980000)
  from space 1536K, 82% used [0x00000000d5980000,0x00000000d5abda18,0x00000000d5b00000)
  to   space 1536K, 0% used [0x00000000d5c00000,0x00000000d5c00000,0x00000000d5d80000)
 ParOldGen       total 721408K, used 721094K [0x0000000080000000, 0x00000000ac080000, 0x00000000d5580000)
  object space 721408K, 99% used [0x0000000080000000,0x00000000ac031a40,0x00000000ac080000)
 Metaspace       used 57714K, committed 58944K, reserved 1114112K
  class space    used 6257K, committed 6784K, reserved 1048576K
}
Event: 55.080 GC heap before
{Heap before GC invocations=578 (full 2):
 PSYoungGen      total 5632K, used 5366K [0x00000000d5580000, 0x00000000d5d80000, 0x0000000100000000)
  eden space 4096K, 100% used [0x00000000d5580000,0x00000000d5980000,0x00000000d5980000)
  from space 1536K, 82% used [0x00000000d5980000,0x00000000d5abda18,0x00000000d5b00000)
  to   space 1536K, 0% used [0x00000000d5c00000,0x00000000d5c00000,0x00000000d5d80000)
 ParOldGen       total 721408K, used 721094K [0x0000000080000000, 0x00000000ac080000, 0x00000000d5580000)
  object space 721408K, 99% used [0x0000000080000000,0x00000000ac031a40,0x00000000ac080000)
 Metaspace       used 57714K, committed 58944K, reserved 1114112K
  class space    used 6257K, committed 6784K, reserved 1048576K
}
Event: 55.083 GC heap after
{Heap after GC invocations=578 (full 2):
 PSYoungGen      total 6144K, used 1510K [0x00000000d5580000, 0x00000000d5e80000, 0x0000000100000000)
  eden space 4608K, 0% used [0x00000000d5580000,0x00000000d5580000,0x00000000d5a00000)
  from space 1536K, 98% used [0x00000000d5c00000,0x00000000d5d79a20,0x00000000d5d80000)
  to   space 2048K, 0% used [0x00000000d5a00000,0x00000000d5a00000,0x00000000d5c00000)
 ParOldGen       total 721408K, used 721346K [0x0000000080000000, 0x00000000ac080000, 0x00000000d5580000)
  object space 721408K, 99% used [0x0000000080000000,0x00000000ac070a50,0x00000000ac080000)
 Metaspace       used 57714K, committed 58944K, reserved 1114112K
  class space    used 6257K, committed 6784K, reserved 1048576K
}
Event: 55.114 GC heap before
{Heap before GC invocations=579 (full 2):
 PSYoungGen      total 6144K, used 6118K [0x00000000d5580000, 0x00000000d5e80000, 0x0000000100000000)
  eden space 4608K, 100% used [0x00000000d5580000,0x00000000d5a00000,0x00000000d5a00000)
  from space 1536K, 98% used [0x00000000d5c00000,0x00000000d5d79a20,0x00000000d5d80000)
  to   space 2048K, 0% used [0x00000000d5a00000,0x00000000d5a00000,0x00000000d5c00000)
 ParOldGen       total 721408K, used 721346K [0x0000000080000000, 0x00000000ac080000, 0x00000000d5580000)
  object space 721408K, 99% used [0x0000000080000000,0x00000000ac070a50,0x00000000ac080000)
 Metaspace       used 57971K, committed 59200K, reserved 1114112K
  class space    used 6272K, committed 6784K, reserved 1048576K
}
Event: 55.117 GC heap after
{Heap after GC invocations=579 (full 2):
 PSYoungGen      total 5632K, used 608K [0x00000000d5580000, 0x00000000d5d00000, 0x0000000100000000)
  eden space 4608K, 0% used [0x00000000d5580000,0x00000000d5580000,0x00000000d5a00000)
  from space 1024K, 59% used [0x00000000d5a00000,0x00000000d5a98000,0x00000000d5b00000)
  to   space 1536K, 0% used [0x00000000d5b80000,0x00000000d5b80000,0x00000000d5d00000)
 ParOldGen       total 721920K, used 721730K [0x0000000080000000, 0x00000000ac100000, 0x00000000d5580000)
  object space 721920K, 99% used [0x0000000080000000,0x00000000ac0d0a50,0x00000000ac100000)
 Metaspace       used 57971K, committed 59200K, reserved 1114112K
  class space    used 6272K, committed 6784K, reserved 1048576K
}
Event: 55.163 GC heap before
{Heap before GC invocations=580 (full 2):
 PSYoungGen      total 5632K, used 5215K [0x00000000d5580000, 0x00000000d5d00000, 0x0000000100000000)
  eden space 4608K, 99% used [0x00000000d5580000,0x00000000d59fffe8,0x00000000d5a00000)
  from space 1024K, 59% used [0x00000000d5a00000,0x00000000d5a98000,0x00000000d5b00000)
  to   space 1536K, 0% used [0x00000000d5b80000,0x00000000d5b80000,0x00000000d5d00000)
 ParOldGen       total 721920K, used 721730K [0x0000000080000000, 0x00000000ac100000, 0x00000000d5580000)
  object space 721920K, 99% used [0x0000000080000000,0x00000000ac0d0a70,0x00000000ac100000)
 Metaspace       used 58399K, committed 59584K, reserved 1114112K
  class space    used 6319K, committed 6848K, reserved 1048576K
}
Event: 55.169 GC heap after
{Heap after GC invocations=580 (full 2):
 PSYoungGen      total 6144K, used 1216K [0x00000000d5580000, 0x00000000d5d00000, 0x0000000100000000)
  eden space 4608K, 0% used [0x00000000d5580000,0x00000000d5580000,0x00000000d5a00000)
  from space 1536K, 79% used [0x00000000d5b80000,0x00000000d5cb0000,0x00000000d5d00000)
  to   space 1536K, 0% used [0x00000000d5a00000,0x00000000d5a00000,0x00000000d5b80000)
 ParOldGen       total 722432K, used 722210K [0x0000000080000000, 0x00000000ac180000, 0x00000000d5580000)
  object space 722432K, 99% used [0x0000000080000000,0x00000000ac148a70,0x00000000ac180000)
 Metaspace       used 58399K, committed 59584K, reserved 1114112K
  class space    used 6319K, committed 6848K, reserved 1048576K
}
Event: 55.197 GC heap before
{Heap before GC invocations=581 (full 2):
 PSYoungGen      total 6144K, used 2834K [0x00000000d5580000, 0x00000000d5d00000, 0x0000000100000000)
  eden space 4608K, 35% used [0x00000000d5580000,0x00000000d5714b30,0x00000000d5a00000)
  from space 1536K, 79% used [0x00000000d5b80000,0x00000000d5cb0000,0x00000000d5d00000)
  to   space 1536K, 0% used [0x00000000d5a00000,0x00000000d5a00000,0x00000000d5b80000)
 ParOldGen       total 722432K, used 722210K [0x0000000080000000, 0x00000000ac180000, 0x00000000d5580000)
  object space 722432K, 99% used [0x0000000080000000,0x00000000ac148a70,0x00000000ac180000)
 Metaspace       used 58599K, committed 59776K, reserved 1114112K
  class space    used 6342K, committed 6848K, reserved 1048576K
}
Event: 55.201 GC heap after
{Heap after GC invocations=581 (full 2):
 PSYoungGen      total 5120K, used 352K [0x00000000d5580000, 0x00000000d5c00000, 0x0000000100000000)
  eden space 4608K, 0% used [0x00000000d5580000,0x00000000d5580000,0x00000000d5a00000)
  from space 512K, 68% used [0x00000000d5a00000,0x00000000d5a58000,0x00000000d5a80000)
  to   space 1024K, 0% used [0x00000000d5b00000,0x00000000d5b00000,0x00000000d5c00000)
 ParOldGen       total 723456K, used 723290K [0x0000000080000000, 0x00000000ac280000, 0x00000000d5580000)
  object space 723456K, 99% used [0x0000000080000000,0x00000000ac256a70,0x00000000ac280000)
 Metaspace       used 58599K, committed 59776K, reserved 1114112K
  class space    used 6342K, committed 6848K, reserved 1048576K
}
Event: 55.201 GC heap before
{Heap before GC invocations=582 (full 3):
 PSYoungGen      total 5120K, used 352K [0x00000000d5580000, 0x00000000d5c00000, 0x0000000100000000)
  eden space 4608K, 0% used [0x00000000d5580000,0x00000000d5580000,0x00000000d5a00000)
  from space 512K, 68% used [0x00000000d5a00000,0x00000000d5a58000,0x00000000d5a80000)
  to   space 1024K, 0% used [0x00000000d5b00000,0x00000000d5b00000,0x00000000d5c00000)
 ParOldGen       total 723456K, used 723290K [0x0000000080000000, 0x00000000ac280000, 0x00000000d5580000)
  object space 723456K, 99% used [0x0000000080000000,0x00000000ac256a70,0x00000000ac280000)
 Metaspace       used 58599K, committed 59776K, reserved 1114112K
  class space    used 6342K, committed 6848K, reserved 1048576K
}
Event: 55.680 GC heap after
{Heap after GC invocations=582 (full 3):
 PSYoungGen      total 5120K, used 0K [0x00000000d5580000, 0x00000000d5c00000, 0x0000000100000000)
  eden space 4608K, 0% used [0x00000000d5580000,0x00000000d5580000,0x00000000d5a00000)
  from space 512K, 0% used [0x00000000d5a00000,0x00000000d5a00000,0x00000000d5a80000)
  to   space 1024K, 0% used [0x00000000d5b00000,0x00000000d5b00000,0x00000000d5c00000)
 ParOldGen       total 723456K, used 326867K [0x0000000080000000, 0x00000000ac280000, 0x00000000d5580000)
  object space 723456K, 45% used [0x0000000080000000,0x0000000093f34e68,0x00000000ac280000)
 Metaspace       used 58599K, committed 59776K, reserved 1114112K
  class space    used 6342K, committed 6848K, reserved 1048576K
}

