<?xml version="1.0" encoding="UTF-8"?>
<testsuite xmlns:xsi="http://www.w3.org/2001/XMLSchema-instance" xsi:noNamespaceSchemaLocation="https://maven.apache.org/surefire/maven-surefire-plugin/xsd/surefire-test-report.xsd" name="com.Mockitotesting.exercise01and02.MyServiceTest" time="1.785" tests="2" errors="0" skipped="0" failures="0">
  <properties>
[...]
</properties>
  <testcase name="testExternalApi" classname="com.Mockitotesting.exercise01and02.MyServiceTest" time="1.741"/>
  <testcase name="verifyTestInteraction" classname="com.Mockitotesting.exercise01and02.MyServiceTest" time="0.014"/>
</testsuite>